<beans xmlns="http://www.springframework.org/schema/beans"
      xmlns:xsi="http://www.w3.org/2001/XMLSchema-instance"
      xmlns:jaxws="http://cxf.apache.org/jaxws"
      xmlns:cxf="http://cxf.apache.org/core"
      xsi:schemaLocation="
http://www.springframework.org/schema/beans http://www.springframework.org/schema/beans/spring-beans.xsd
http://cxf.apache.org/core http://cxf.apache.org/schemas/core.xsd
http://cxf.apache.org/jaxws http://cxf.apache.org/schemas/jaxws.xsd">

    <import resource="classpath:META-INF/cxf/cxf.xml" />
    <import resource="classpath:META-INF/cxf/cxf-extension-soap.xml" />
    <import resource="classpath:META-INF/cxf/cxf-extension-http.xml" />
    <import resource="classpath:META-INF/cxf/cxf-extension-http-jetty.xml" />

    
    <!-- comment this bean to disable schema validation in the client -->
    <jaxws:client id="HelloWorldClient"
        createdFromAPI="true">
        <jaxws:properties>
            <entry key="schema-validation-enabled" value="true" />
        </jaxws:properties>
    </jaxws:client>
 
</beans>