<?xml version="1.0" encoding="UTF-8"?>
<beans xmlns="http://www.springframework.org/schema/beans"
       xmlns:xsi="http://www.w3.org/2001/XMLSchema-instance"
       xmlns:cxf="http://cxf.apache.org/core"
       
       xsi:schemaLocation="
    		http://www.springframework.org/schema/beans
			http://www.springframework.org/schema/beans/spring-beans.xsd
	    	http://www.springframework.org/schema/osgi
			http://www.springframework.org/schema/osgi/spring-osgi.xsd
		    http://cxf.apache.org/jaxws
			http://cxf.apache.org/schemas/jaxws.xsd
			http://cxf.apache.org/core
			http://cxf.apache.org/schemas/core.xsd">
			
    <!-- cxf configuration -->
    <import resource="classpath:META-INF/cxf/cxf.xml"/>
    <import resource="classpath:META-INF/cxf/cxf-extension-soap.xml"/>
    <import resource="classpath:META-INF/cxf/cxf-extension-http.xml"/>
    <import resource="classpath:META-INF/cxf/cxf-extension-http-jetty.xml"/>
    
    <!-- Uncomment for logging incoming/outgoing message -->
<!-- 
   <cxf:bus>
      <cxf:features>
         <cxf:logging/>
      </cxf:features>
   </cxf:bus>
-->
    
       <!-- jax-ws web service endpoint -->
    <endpoint xmlns="http://cxf.apache.org/jaxws"
    		  name="{http://fusesource.com/training/HelloWorld}SOAPOverHTTPEndpoint"
              id="HelloWorldService"
              address="http://localhost:8886/helloworld"
              implementor="com.fusesource.training.helloworld.service.impl.HelloWorldImpl"
              wsdlLocation="src/main/resources/wsdl/HelloWorld.wsdl"
              serviceName="tns:HelloWorldService"
              endpointName="tns:SOAPOverHTTPEndpoint"
              createdFromAPI="true"
              xmlns:tns="http://fusesource.com/training/HelloWorld">
    </endpoint>
   
   
</beans>